#
# A fatal error has been detected by the Java Runtime Environment:
#
#  EXCEPTION_ACCESS_VIOLATION (0xc0000005) at pc=0x000007fee8834cb5, pid=6088, tid=6960
#
# JRE version: 6.0_23-b05
# Java VM: Java HotSpot(TM) 64-Bit Server VM (19.0-b09 mixed mode windows-amd64 compressed oops)
# Problematic frame:
# C  0x000007fee8834cb5
#
# If you would like to submit a bug report, please visit:
#   http://java.sun.com/webapps/bugreport/crash.jsp
# The crash happened outside the Java Virtual Machine in native code.
# See problematic frame for where to report the bug.
#

---------------  T H R E A D  ---------------

Current thread (0x000000000032c000):  JavaThread "main" [_thread_in_native, id=6960, stack(0x00000000025c0000,0x00000000026c0000)]

siginfo: ExceptionCode=0xc0000005, ExceptionInformation=0x0000000000000008 0x000007fee8834cb5

Registers:
RAX=0x0000000000000000, RBX=0x0000000007a71308, RCX=0x0000000076aa843a, RDX=0x0000000000000000
RSP=0x00000000026bf3b0, RBP=0x0000000006b141b0, RSI=0x0000000000000000, RDI=0x0000000007a71300
R8=0x00000000026bf3a8, R9=0x0000000006b141b0, R10=0x0000000000000000, R11=0x0000000000000246
R12=0x0000000000010001, R13=0x000000077d9598f0, R14=0x00000000026bf558, R15=0x000000000032c000
RIP=0x000007fee8834cb5, EFLAGS=0x0000000000010246

Register to memory mapping:

RAX=0x0000000000000000
0x0000000000000000 is pointing to unknown location

RBX=0x0000000007a71308
0x0000000007a71308 is pointing to unknown location

RCX=0x0000000076aa843a
0x0000000076aa843a is pointing to unknown location

RDX=0x0000000000000000
0x0000000000000000 is pointing to unknown location

RSP=0x00000000026bf3b0
0x00000000026bf3b0 is pointing into the stack for thread: 0x000000000032c000
"main" prio=6 tid=0x000000000032c000 nid=0x1b30 runnable [0x00000000026bf000]
   java.lang.Thread.State: RUNNABLE

RBP=0x0000000006b141b0
0x0000000006b141b0 is pointing to unknown location

RSI=0x0000000000000000
0x0000000000000000 is pointing to unknown location

RDI=0x0000000007a71300
0x0000000007a71300 is pointing to unknown location

R8 =0x00000000026bf3a8
0x00000000026bf3a8 is pointing into the stack for thread: 0x000000000032c000
"main" prio=6 tid=0x000000000032c000 nid=0x1b30 runnable [0x00000000026bf000]
   java.lang.Thread.State: RUNNABLE

R9 =0x0000000006b141b0
0x0000000006b141b0 is pointing to unknown location

R10=0x0000000000000000
0x0000000000000000 is pointing to unknown location

R11=0x0000000000000246
0x0000000000000246 is pointing to unknown location

R12=0x0000000000010001
0x0000000000010001 is pointing to unknown location

R13=0x000000077d9598f0
{method} 
 - klass: {other class}

R14=0x00000000026bf558
0x00000000026bf558 is pointing into the stack for thread: 0x000000000032c000
"main" prio=6 tid=0x000000000032c000 nid=0x1b30 runnable [0x00000000026bf000]
   java.lang.Thread.State: RUNNABLE

R15=0x000000000032c000
"main" prio=6 tid=0x000000000032c000 nid=0x1b30 runnable [0x00000000026bf000]
   java.lang.Thread.State: RUNNABLE


Top of Stack: (sp=0x00000000026bf3b0)
0x00000000026bf3b0:   fffffffffffffffe 000000006d170960
0x00000000026bf3c0:   fffffffffffffffe 000000077d9598f0
0x00000000026bf3d0:   0000000007a71358 0000000000000000
0x00000000026bf3e0:   0000000007a71300 000007fee885f9de
0x00000000026bf3f0:   0000000007a71308 0000000000000000
0x00000000026bf400:   fffffffffffffffe 0000000006c40150
0x00000000026bf410:   0000000000000001 000000006d0f1c6d
0x00000000026bf420:   0000000000000000 0000000000000000
0x00000000026bf430:   0000000006c40150 0000000000000000
0x00000000026bf440:   0000000000000000 000000006d0f7b6d
0x00000000026bf450:   0000000006c40150 00000000000004b0
0x00000000026bf460:   0000000000000000 0000000000000000
0x00000000026bf470:   000000077d4e4db0 00000000026c5a0e
0x00000000026bf480:   00000000efa41193 00000000026bf520
0x00000000026bf490:   000000077d9598f0 00000000026d12a0
0x00000000026bf4a0:   000000077d72c328 000000077dcd1590 

Instructions: (pc=0x000007fee8834cb5)
0x000007fee8834ca5:   
[error occurred during error reporting (printing registers, top of stack, instructions near pc), id 0xc0000005]

Stack: [0x00000000025c0000,0x00000000026c0000],  sp=0x00000000026bf3b0,  free space=1020k
Native frames: (J=compiled Java code, j=interpreted, Vv=VM code, C=native code)
C  0x000007fee8834cb5

Java frames: (J=compiled Java code, j=interpreted, Vv=VM code)
j  sun.java2d.d3d.D3DSurfaceData.initOps(III)V+0
j  sun.java2d.d3d.D3DSurfaceData.<init>(Lsun/awt/windows/WComponentPeer;Lsun/java2d/d3d/D3DGraphicsConfig;IILjava/awt/Image;Ljava/awt/image/ColorModel;IILsun/java2d/pipe/hw/ExtendedBufferCapabilities$VSyncType;I)V+76
j  sun.java2d.d3d.D3DSurfaceData.createData(Lsun/awt/windows/WComponentPeer;Ljava/awt/Image;)Lsun/java2d/d3d/D3DSurfaceData;+117
j  sun.java2d.d3d.D3DVolatileSurfaceManager.initAcceleratedSurface()Lsun/java2d/SurfaceData;+59
j  sun.java2d.d3d.D3DVolatileSurfaceManager.restoreAcceleratedSurface()V+62
j  sun.awt.image.VolatileSurfaceManager.validate(Ljava/awt/GraphicsConfiguration;)I+94
j  sun.awt.image.SunVolatileImage.validate(Ljava/awt/GraphicsConfiguration;)I+5
j  java.awt.Component$FlipBufferStrategy.revalidate(Z)V+82
j  java.awt.Component$FlipBufferStrategy.revalidate()V+2
j  java.awt.Component$FlipBufferStrategy.getDrawGraphics()Ljava/awt/Graphics;+1
j  com.phyloa.dlib.renderer.Graphics2DRenderer.begin()V+13
j  tacticshooter.TacticClient.main([Ljava/lang/String;)V+9
v  ~StubRoutines::call_stub

---------------  P R O C E S S  ---------------

Java Threads: ( => current thread )
  0x0000000006c09800 JavaThread "Thread-1" daemon [_thread_in_native, id=7076, stack(0x000000000a700000,0x000000000a800000)]
  0x0000000006c06800 JavaThread "Client" daemon [_thread_in_native, id=6360, stack(0x000000000bf70000,0x000000000c070000)]
  0x0000000006c06000 JavaThread "AWT-EventQueue-0" [_thread_blocked, id=1500, stack(0x000000000acf0000,0x000000000adf0000)]
  0x0000000006c04800 JavaThread "AWT-Shutdown" [_thread_blocked, id=7112, stack(0x0000000007680000,0x0000000007780000)]
  0x0000000006c03800 JavaThread "Java2D Disposer" daemon [_thread_blocked, id=5240, stack(0x0000000007580000,0x0000000007680000)]
  0x0000000006b03800 JavaThread "Low Memory Detector" daemon [_thread_blocked, id=2236, stack(0x0000000007090000,0x0000000007190000)]
  0x0000000006afe800 JavaThread "CompilerThread1" daemon [_thread_blocked, id=6840, stack(0x0000000006f90000,0x0000000007090000)]
  0x0000000006ae6800 JavaThread "CompilerThread0" daemon [_thread_blocked, id=4960, stack(0x0000000006e90000,0x0000000006f90000)]
  0x0000000006ae3800 JavaThread "Attach Listener" daemon [_thread_blocked, id=1764, stack(0x0000000006d90000,0x0000000006e90000)]
  0x0000000006ae2800 JavaThread "Signal Dispatcher" daemon [_thread_blocked, id=2832, stack(0x0000000006c90000,0x0000000006d90000)]
  0x0000000000623000 JavaThread "Finalizer" daemon [_thread_blocked, id=4936, stack(0x0000000006990000,0x0000000006a90000)]
  0x0000000000621800 JavaThread "Reference Handler" daemon [_thread_blocked, id=5940, stack(0x0000000006890000,0x0000000006990000)]
=>0x000000000032c000 JavaThread "main" [_thread_in_native, id=6960, stack(0x00000000025c0000,0x00000000026c0000)]

Other Threads:
  0x000000000061d800 VMThread [stack: 0x0000000006790000,0x0000000006890000] [id=5560]
  0x0000000006b15800 WatcherThread [stack: 0x0000000007190000,0x0000000007290000] [id=2244]

VM state:not at safepoint (normal execution)

VM Mutex/Monitor currently owned by a thread: None

Heap
 PSYoungGen      total 37568K, used 24588K [0x00000007d6160000, 0x00000007d8b40000, 0x0000000800000000)
  eden space 32256K, 76% used [0x00000007d6160000,0x00000007d7963320,0x00000007d80e0000)
  from space 5312K, 0% used [0x00000007d8610000,0x00000007d8610000,0x00000007d8b40000)
  to   space 5312K, 0% used [0x00000007d80e0000,0x00000007d80e0000,0x00000007d8610000)
 PSOldGen        total 85888K, used 0K [0x0000000782400000, 0x00000007877e0000, 0x00000007d6160000)
  object space 85888K, 0% used [0x0000000782400000,0x0000000782400000,0x00000007877e0000)
 PSPermGen       total 21248K, used 11206K [0x000000077d200000, 0x000000077e6c0000, 0x0000000782400000)
  object space 21248K, 52% used [0x000000077d200000,0x000000077dcf1990,0x000000077e6c0000)

Dynamic libraries:
0x0000000000400000 - 0x000000000042e000 	C:\Program Files\Java\jre6\bin\javaw.exe
0x0000000076cb0000 - 0x0000000076e5c000 	C:\Windows\SYSTEM32\ntdll.dll
0x0000000076b90000 - 0x0000000076caf000 	C:\Windows\system32\kernel32.dll
0x000007fefcf70000 - 0x000007fefcfdc000 	C:\Windows\system32\KERNELBASE.dll
0x000007fefd240000 - 0x000007fefd31b000 	C:\Windows\system32\ADVAPI32.dll
0x000007fefd540000 - 0x000007fefd5df000 	C:\Windows\system32\msvcrt.dll
0x000007fefecb0000 - 0x000007fefeccf000 	C:\Windows\SYSTEM32\sechost.dll
0x000007fefeae0000 - 0x000007fefec0e000 	C:\Windows\system32\RPCRT4.dll
0x0000000076a90000 - 0x0000000076b8a000 	C:\Windows\system32\USER32.dll
0x000007fefef50000 - 0x000007fefefb7000 	C:\Windows\system32\GDI32.dll
0x000007fefeef0000 - 0x000007fefeefe000 	C:\Windows\system32\LPK.dll
0x000007fefe730000 - 0x000007fefe7fa000 	C:\Windows\system32\USP10.dll
0x000007fefcaa0000 - 0x000007fefcaf7000 	C:\Windows\system32\apphelp.dll
0x000007fefa340000 - 0x000007fefa391000 	C:\Windows\AppPatch\AppPatch64\AcGenral.DLL
0x000007fefca70000 - 0x000007fefca95000 	C:\Windows\system32\SspiCli.dll
0x000007fefea60000 - 0x000007fefead1000 	C:\Windows\system32\SHLWAPI.dll
0x000007fefe3f0000 - 0x000007fefe5f2000 	C:\Windows\system32\ole32.dll
0x000007fefd5e0000 - 0x000007fefe367000 	C:\Windows\system32\SHELL32.dll
0x0000000073020000 - 0x0000000073023000 	C:\Windows\system32\sfc.dll
0x000007fef8890000 - 0x000007fef88a0000 	C:\Windows\system32\sfc_os.DLL
0x000007fefbf10000 - 0x000007fefbf2e000 	C:\Windows\system32\USERENV.dll
0x000007fefcc10000 - 0x000007fefcc1f000 	C:\Windows\system32\profapi.dll
0x000007fefaf80000 - 0x000007fefaf98000 	C:\Windows\system32\dwmapi.dll
0x000007fef67b0000 - 0x000007fef67c8000 	C:\Windows\system32\MPR.dll
0x000007fefd430000 - 0x000007fefd45e000 	C:\Windows\system32\IMM32.DLL
0x000007fefd320000 - 0x000007fefd429000 	C:\Windows\system32\MSCTF.dll
0x000000006d7f0000 - 0x000000006dee0000 	C:\Program Files\Java\jre6\bin\server\jvm.dll
0x000007fef9e10000 - 0x000007fef9e4b000 	C:\Windows\system32\WINMM.dll
0x000000006d760000 - 0x000000006d76e000 	C:\Program Files\Java\jre6\bin\verify.dll
0x000000006d3b0000 - 0x000000006d3d7000 	C:\Program Files\Java\jre6\bin\java.dll
0x000000006d310000 - 0x000000006d31a000 	C:\Program Files\Java\jre6\bin\hpi.dll
0x0000000076e80000 - 0x0000000076e87000 	C:\Windows\system32\PSAPI.DLL
0x000000006d7b0000 - 0x000000006d7c2000 	C:\Program Files\Java\jre6\bin\zip.dll
0x000000006d000000 - 0x000000006d1c3000 	C:\Program Files\Java\jre6\bin\awt.dll
0x000007fefad40000 - 0x000007fefadb0000 	C:\Windows\system32\WINSPOOL.DRV
0x000007fefb590000 - 0x000007fefb784000 	C:\Windows\WinSxS\amd64_microsoft.windows.common-controls_6595b64144ccf1df_6.0.7600.16661_none_fa62ad231704eab7\COMCTL32.dll
0x000007fefb3b0000 - 0x000007fefb406000 	C:\Windows\system32\uxtheme.dll
0x000000006d2a0000 - 0x000000006d306000 	C:\Program Files\Java\jre6\bin\fontmanager.dll
0x000007fefcb40000 - 0x000007fefcb4f000 	C:\Windows\system32\CRYPTBASE.dll
0x0000000063350000 - 0x00000000637cb000 	C:\Windows\system32\atiumd64.dll
0x0000000067d90000 - 0x0000000068027000 	C:\Windows\system32\atiumd6a.dll
0x0000000010000000 - 0x0000000010065000 	C:\Program Files\WIDCOMM\Bluetooth Software\btmmhook.dll
0x000007fefd460000 - 0x000007fefd537000 	C:\Windows\system32\OLEAUT32.dll
0x000007fefec10000 - 0x000007fefeca9000 	C:\Windows\system32\CLBCatQ.DLL
0x000000006d600000 - 0x000000006d617000 	C:\Program Files\Java\jre6\bin\net.dll
0x000007fefef00000 - 0x000007fefef4d000 	C:\Windows\system32\WS2_32.dll
0x000007fefe800000 - 0x000007fefe808000 	C:\Windows\system32\NSI.dll
0x000007fefc440000 - 0x000007fefc494000 	C:\Windows\system32\mswsock.dll
0x000007fefc430000 - 0x000007fefc437000 	C:\Windows\System32\wship6.dll
0x000000006d620000 - 0x000000006d62b000 	C:\Program Files\Java\jre6\bin\nio.dll
0x000007fefc4a0000 - 0x000007fefc4b7000 	C:\Windows\system32\CRYPTSP.dll
0x000007fefc1a0000 - 0x000007fefc1e7000 	C:\Windows\system32\rsaenh.dll
0x000007fefbe00000 - 0x000007fefbe07000 	C:\Windows\System32\wshtcpip.dll
0x000007fefc2c0000 - 0x000007fefc31b000 	C:\Windows\system32\DNSAPI.dll
0x000007fef73d0000 - 0x000007fef73fe000 	C:\Program Files\Common Files\Microsoft Shared\Windows Live\WLIDNSP.DLL
0x000007fef9750000 - 0x000007fef9777000 	C:\Windows\system32\IPHLPAPI.DLL
0x000007fef9730000 - 0x000007fef973b000 	C:\Windows\system32\WINNSI.DLL
0x000007fef73c0000 - 0x000007fef73c8000 	C:\Windows\system32\rasadhlp.dll
0x000007fef95c0000 - 0x000007fef9613000 	C:\Windows\System32\fwpuclnt.dll
0x000000006d210000 - 0x000000006d238000 	C:\Program Files\Java\jre6\bin\dcpr.dll

VM Arguments:
jvm_args: -Dfile.encoding=Cp1252 
java_command: tacticshooter.TacticClient
Launcher Type: SUN_STANDARD

Environment Variables:
PATH=C:\Program Files (x86)\NVIDIA Corporation\PhysX\Common;C:\Program Files\Common Files\Microsoft Shared\Windows Live;C:\Program Files (x86)\Common Files\Microsoft Shared\Windows Live;C:\Windows\system32;C:\Windows;C:\Windows\System32\Wbem;C:\Windows\System32\WindowsPowerShell\v1.0\;C:\Program Files\WIDCOMM\Bluetooth Software\;C:\Program Files\WIDCOMM\Bluetooth Software\syswow64;\;C:\Program Files (x86)\Sony\VAIO Startup Setting Tool;C:\Program Files (x86)\ATI Technologies\ATI.ACE\Core-Static;C:\Program Files (x86)\Windows Live\Shared;"C:\Program Files (x86)\Zend\ZendServer\bin";"C:\Program Files (x86)\Zend\ZendServer\share\ZendFramework\bin";C:\Program Files (x86)\Zend\MySQL51\bin;C:\Python27;;C:\Motion-Twin\Haxe\;C:\Motion-Twin\neko
USERNAME=Daniel
OS=Windows_NT
PROCESSOR_IDENTIFIER=Intel64 Family 6 Model 37 Stepping 5, GenuineIntel



---------------  S Y S T E M  ---------------

OS: Windows 7 Build 7600 

CPU:total 4 (2 cores per cpu, 2 threads per core) family 6 model 37 stepping 5, cmov, cx8, fxsr, mmx, sse, sse2, sse3, ssse3, sse4.1, sse4.2, popcnt, ht

Memory: 4k page, physical 8239204k(5590976k free), swap 16476508k(12886988k free)

vm_info: Java HotSpot(TM) 64-Bit Server VM (19.0-b09) for windows-amd64 JRE (1.6.0_23-b05), built on Nov 13 2010 02:43:42 by "java_re" with MS VC++ 8.0 (VS2005)

time: Thu Jan 03 20:48:08 2013
elapsed time: 23 seconds

